11:16:17:115  INFO 10796 --- [main] com.yuyu.user.UserApplication            : Starting UserApplication using Java 11.0.23 on robertdowney with PID 10796 (D:\programing\IdeaProjects\work6\user\target\classes started by Rober in D:\programing\IdeaProjects\work6)
11:16:17:118 DEBUG 10796 --- [main] com.yuyu.user.UserApplication            : Running with Spring Boot v2.7.12, Spring v5.3.27
11:16:17:118  INFO 10796 --- [main] com.yuyu.user.UserApplication            : The following 1 profile is active: "local"
11:16:17:514  INFO 10796 --- [main] .s.d.r.c.RepositoryConfigurationDelegate : Multiple Spring Data modules found, entering strict repository configuration mode
11:16:17:516  INFO 10796 --- [main] .s.d.r.c.RepositoryConfigurationDelegate : Bootstrapping Spring Data Redis repositories in DEFAULT mode.
11:16:17:530  INFO 10796 --- [main] .s.d.r.c.RepositoryConfigurationDelegate : Finished Spring Data repository scanning in 4 ms. Found 0 Redis repository interfaces.
11:16:17:653  INFO 10796 --- [main] o.s.cloud.context.scope.GenericScope     : BeanFactory id=a19cb5bc-881f-3eb1-97a9-d2c24a30de6e
11:16:17:918  INFO 10796 --- [main] o.s.b.w.embedded.tomcat.TomcatWebServer  : Tomcat initialized with port(s): 8084 (http)
11:16:17:925  INFO 10796 --- [main] o.apache.catalina.core.StandardService   : Starting service [Tomcat]
11:16:17:925  INFO 10796 --- [main] org.apache.catalina.core.StandardEngine  : Starting Servlet engine: [Apache Tomcat/9.0.75]
11:16:18:031  INFO 10796 --- [main] o.a.c.c.C.[Tomcat].[localhost].[/]       : Initializing Spring embedded WebApplicationContext
11:16:18:031  INFO 10796 --- [main] w.s.c.ServletWebServerApplicationContext : Root WebApplicationContext: initialization completed in 888 ms
11:16:19:823  INFO 10796 --- [main] com.alibaba.nacos.common.remote.client   : [RpcClientFactory] create a new rpc client of b3683766-2440-4ea5-a4fd-e0779f051964
11:16:19:847  INFO 10796 --- [main] org.reflections.Reflections              : Reflections took 15 ms to scan 1 urls, producing 3 keys and 6 values 
11:16:19:863  INFO 10796 --- [main] org.reflections.Reflections              : Reflections took 7 ms to scan 1 urls, producing 4 keys and 9 values 
11:16:19:869  INFO 10796 --- [main] org.reflections.Reflections              : Reflections took 5 ms to scan 1 urls, producing 3 keys and 10 values 
11:16:19:871  WARN 10796 --- [main] org.reflections.Reflections              : given scan urls are empty. set urls in the configuration
11:16:19:876  INFO 10796 --- [main] org.reflections.Reflections              : Reflections took 5 ms to scan 1 urls, producing 1 keys and 5 values 
11:16:19:883  INFO 10796 --- [main] org.reflections.Reflections              : Reflections took 6 ms to scan 1 urls, producing 1 keys and 7 values 
11:16:19:888  INFO 10796 --- [main] org.reflections.Reflections              : Reflections took 4 ms to scan 1 urls, producing 2 keys and 8 values 
11:16:19:889  WARN 10796 --- [main] org.reflections.Reflections              : given scan urls are empty. set urls in the configuration
11:16:19:889  INFO 10796 --- [main] com.alibaba.nacos.common.remote.client   : [b3683766-2440-4ea5-a4fd-e0779f051964] RpcClient init label, labels = {module=naming, source=sdk}
11:16:19:890  INFO 10796 --- [main] com.alibaba.nacos.common.remote.client   : [b3683766-2440-4ea5-a4fd-e0779f051964] RpcClient init, ServerListFactory = com.alibaba.nacos.client.naming.core.ServerListManager
11:16:19:890  INFO 10796 --- [main] com.alibaba.nacos.common.remote.client   : [b3683766-2440-4ea5-a4fd-e0779f051964] Registry connection listener to current client:com.alibaba.nacos.client.naming.remote.gprc.redo.NamingGrpcRedoService
11:16:19:891  INFO 10796 --- [main] com.alibaba.nacos.common.remote.client   : [b3683766-2440-4ea5-a4fd-e0779f051964] Register server push request handler:com.alibaba.nacos.client.naming.remote.gprc.NamingPushRequestHandler
11:16:19:892  INFO 10796 --- [main] com.alibaba.nacos.common.remote.client   : [b3683766-2440-4ea5-a4fd-e0779f051964] Try to connect to server on start up, server: {serverIp = '47.113.188.125', server main port = 8848}
11:16:20:977  INFO 10796 --- [main] com.alibaba.nacos.common.remote.client   : [b3683766-2440-4ea5-a4fd-e0779f051964] Success to connect to server [47.113.188.125:8848] on start up, connectionId = 1718766981154_112.49.6.90_4833
11:16:20:979  INFO 10796 --- [com.alibaba.nacos.client.remote.worker] com.alibaba.nacos.common.remote.client   : [b3683766-2440-4ea5-a4fd-e0779f051964] Notify connected event to listeners.
11:16:20:981  INFO 10796 --- [main] com.alibaba.nacos.common.remote.client   : [b3683766-2440-4ea5-a4fd-e0779f051964] Register server push request handler:com.alibaba.nacos.common.remote.client.RpcClient$ConnectResetRequestHandler
11:16:20:982  INFO 10796 --- [main] com.alibaba.nacos.common.remote.client   : [b3683766-2440-4ea5-a4fd-e0779f051964] Register server push request handler:com.alibaba.nacos.common.remote.client.RpcClient$$Lambda$1069/0x00000008007dd440
11:16:21:073  INFO 10796 --- [main] o.s.b.w.embedded.tomcat.TomcatWebServer  : Tomcat started on port(s): 8084 (http) with context path ''
11:16:21:117  INFO 10796 --- [main] c.a.c.n.registry.NacosServiceRegistry    : nacos registry, DEFAULT_GROUP work6-user 10.134.49.119:8084 register finished
11:16:21:320  INFO 10796 --- [main] com.yuyu.user.UserApplication            : Started UserApplication in 4.784 seconds (JVM running for 5.394)
11:16:21:593  INFO 10796 --- [nacos-grpc-client-executor-9] com.alibaba.nacos.common.remote.client   : [b3683766-2440-4ea5-a4fd-e0779f051964] Receive server push request, request = NotifySubscriberRequest, requestId = 118
11:16:21:594  INFO 10796 --- [nacos-grpc-client-executor-9] com.alibaba.nacos.common.remote.client   : [b3683766-2440-4ea5-a4fd-e0779f051964] Ack server push request, request = NotifySubscriberRequest, requestId = 118
11:31:08:233  INFO 10796 --- [http-nio-8084-exec-1] o.a.c.c.C.[Tomcat].[localhost].[/]       : Initializing Spring DispatcherServlet 'dispatcherServlet'
11:31:08:233  INFO 10796 --- [http-nio-8084-exec-1] o.s.web.servlet.DispatcherServlet        : Initializing Servlet 'dispatcherServlet'
11:31:08:234  INFO 10796 --- [http-nio-8084-exec-1] o.s.web.servlet.DispatcherServlet        : Completed initialization in 1 ms
11:31:08:752  INFO 10796 --- [http-nio-8084-exec-1] c.yuyu.limit.aspect.RedisLimiterAspect   : 执行lua结果：true
11:31:08:798  INFO 10796 --- [http-nio-8084-exec-1] com.zaxxer.hikari.HikariDataSource       : HikariPool-1 - Starting...
11:31:12:960  INFO 10796 --- [http-nio-8084-exec-1] com.zaxxer.hikari.HikariDataSource       : HikariPool-1 - Start completed.
11:31:12:970 DEBUG 10796 --- [http-nio-8084-exec-1] c.yuyu.user.mapper.UserMapper.selectOne  : ==>  Preparing: SELECT id,name,password,create_at,update_at,delete_at FROM user WHERE (name = ?)
11:31:12:983 DEBUG 10796 --- [http-nio-8084-exec-1] c.yuyu.user.mapper.UserMapper.selectOne  : ==> Parameters: yuyu(String)
11:31:13:197 DEBUG 10796 --- [http-nio-8084-exec-1] c.yuyu.user.mapper.UserMapper.selectOne  : <==      Total: 1
11:31:13:338  INFO 10796 --- [http-nio-8084-exec-1] c.y.c.interceptors.UserInfoInterceptor   : 用户已清理
12:05:48:250  INFO 10796 --- [http-nio-8084-exec-4] c.yuyu.limit.aspect.RedisLimiterAspect   : 执行lua结果：true
12:05:48:252  INFO 10796 --- [http-nio-8084-exec-4] c.y.c.interceptors.UserInfoInterceptor   : 用户已清理
12:06:15:865  INFO 10796 --- [http-nio-8084-exec-2] c.yuyu.limit.aspect.RedisLimiterAspect   : 执行lua结果：true
12:06:15:866  INFO 10796 --- [http-nio-8084-exec-2] c.y.c.interceptors.UserInfoInterceptor   : 用户已清理
12:07:21:733  INFO 10796 --- [http-nio-8084-exec-6] c.yuyu.limit.aspect.RedisLimiterAspect   : 执行lua结果：true
12:07:21:735  INFO 10796 --- [http-nio-8084-exec-6] c.y.c.interceptors.UserInfoInterceptor   : 用户已清理
12:07:25:973  INFO 10796 --- [http-nio-8084-exec-10] c.yuyu.limit.aspect.RedisLimiterAspect   : 执行lua结果：true
12:07:25:973  INFO 10796 --- [http-nio-8084-exec-10] c.y.c.interceptors.UserInfoInterceptor   : 用户已清理
12:09:40:520  INFO 10796 --- [http-nio-8084-exec-5] c.yuyu.limit.aspect.RedisLimiterAspect   : 执行lua结果：true
12:09:40:561 DEBUG 10796 --- [http-nio-8084-exec-5] c.yuyu.user.mapper.UserMapper.selectOne  : ==>  Preparing: SELECT id,name,password,create_at,update_at,delete_at FROM user WHERE (name = ?)
12:09:40:561 DEBUG 10796 --- [http-nio-8084-exec-5] c.yuyu.user.mapper.UserMapper.selectOne  : ==> Parameters: yuyu(String)
12:09:40:601 DEBUG 10796 --- [http-nio-8084-exec-5] c.yuyu.user.mapper.UserMapper.selectOne  : <==      Total: 1
12:09:40:673  INFO 10796 --- [http-nio-8084-exec-5] c.y.c.interceptors.UserInfoInterceptor   : 用户已清理
12:10:00:843  INFO 10796 --- [http-nio-8084-exec-8] c.y.c.interceptors.UserInfoInterceptor   : 用户id是1798241375637114881
12:10:00:884  INFO 10796 --- [http-nio-8084-exec-8] c.yuyu.limit.aspect.RedisLimiterAspect   : 执行lua结果：true
12:10:00:884  INFO 10796 --- [http-nio-8084-exec-8] c.y.c.interceptors.UserInfoInterceptor   : 用户已清理
12:10:03:800  INFO 10796 --- [http-nio-8084-exec-1] c.y.c.interceptors.UserInfoInterceptor   : 用户id是1798241375637114881
12:10:03:843  INFO 10796 --- [http-nio-8084-exec-1] c.yuyu.limit.aspect.RedisLimiterAspect   : 执行lua结果：true
12:10:03:844  INFO 10796 --- [http-nio-8084-exec-1] c.y.c.interceptors.UserInfoInterceptor   : 用户已清理
12:10:08:385  INFO 10796 --- [http-nio-8084-exec-3] c.y.c.interceptors.UserInfoInterceptor   : 用户id是1798241375637114881
12:10:08:426  INFO 10796 --- [http-nio-8084-exec-3] c.yuyu.limit.aspect.RedisLimiterAspect   : 执行lua结果：true
12:10:08:427  INFO 10796 --- [http-nio-8084-exec-3] c.y.c.interceptors.UserInfoInterceptor   : 用户已清理
12:10:09:150  INFO 10796 --- [http-nio-8084-exec-4] c.y.c.interceptors.UserInfoInterceptor   : 用户id是1798241375637114881
12:10:09:191  INFO 10796 --- [http-nio-8084-exec-4] c.yuyu.limit.aspect.RedisLimiterAspect   : 执行lua结果：true
12:10:09:191  INFO 10796 --- [http-nio-8084-exec-4] c.y.c.interceptors.UserInfoInterceptor   : 用户已清理
12:10:32:272  INFO 10796 --- [http-nio-8084-exec-2] c.y.c.interceptors.UserInfoInterceptor   : 用户id是1798241375637114881
12:10:32:315  INFO 10796 --- [http-nio-8084-exec-2] c.yuyu.limit.aspect.RedisLimiterAspect   : 执行lua结果：true
12:10:32:316  INFO 10796 --- [http-nio-8084-exec-2] c.y.c.interceptors.UserInfoInterceptor   : 用户已清理
12:10:33:058  INFO 10796 --- [http-nio-8084-exec-7] c.y.c.interceptors.UserInfoInterceptor   : 用户id是1798241375637114881
12:10:33:099  INFO 10796 --- [http-nio-8084-exec-7] c.yuyu.limit.aspect.RedisLimiterAspect   : 执行lua结果：true
12:10:33:100  INFO 10796 --- [http-nio-8084-exec-7] c.y.c.interceptors.UserInfoInterceptor   : 用户已清理
12:10:33:881  INFO 10796 --- [http-nio-8084-exec-6] c.y.c.interceptors.UserInfoInterceptor   : 用户id是1798241375637114881
12:10:33:921  INFO 10796 --- [http-nio-8084-exec-6] c.yuyu.limit.aspect.RedisLimiterAspect   : 执行lua结果：true
12:10:33:922  INFO 10796 --- [http-nio-8084-exec-6] c.y.c.interceptors.UserInfoInterceptor   : 用户已清理
12:10:34:760  INFO 10796 --- [http-nio-8084-exec-10] c.y.c.interceptors.UserInfoInterceptor   : 用户id是1798241375637114881
12:10:34:801  INFO 10796 --- [http-nio-8084-exec-10] c.yuyu.limit.aspect.RedisLimiterAspect   : 执行lua结果：true
12:10:34:801  INFO 10796 --- [http-nio-8084-exec-10] c.y.c.interceptors.UserInfoInterceptor   : 用户已清理
12:10:35:523  INFO 10796 --- [http-nio-8084-exec-9] c.y.c.interceptors.UserInfoInterceptor   : 用户id是1798241375637114881
12:10:35:565  INFO 10796 --- [http-nio-8084-exec-9] c.yuyu.limit.aspect.RedisLimiterAspect   : 执行lua结果：true
12:10:35:566  INFO 10796 --- [http-nio-8084-exec-9] c.y.c.interceptors.UserInfoInterceptor   : 用户已清理
12:10:36:305  INFO 10796 --- [http-nio-8084-exec-5] c.y.c.interceptors.UserInfoInterceptor   : 用户id是1798241375637114881
12:10:36:348  INFO 10796 --- [http-nio-8084-exec-5] c.yuyu.limit.aspect.RedisLimiterAspect   : 执行lua结果：true
12:10:36:349  INFO 10796 --- [http-nio-8084-exec-5] c.y.c.interceptors.UserInfoInterceptor   : 用户已清理
12:10:37:121  INFO 10796 --- [http-nio-8084-exec-8] c.y.c.interceptors.UserInfoInterceptor   : 用户id是1798241375637114881
12:10:37:162  INFO 10796 --- [http-nio-8084-exec-8] c.yuyu.limit.aspect.RedisLimiterAspect   : 执行lua结果：false
12:10:37:165 ERROR 10796 --- [http-nio-8084-exec-8] c.y.c.exception.ProjectExceptionAdvice   : 当前系统繁忙，请稍后再试
12:10:37:165  INFO 10796 --- [http-nio-8084-exec-8] c.y.c.interceptors.UserInfoInterceptor   : 用户已清理
12:10:37:919  INFO 10796 --- [http-nio-8084-exec-1] c.y.c.interceptors.UserInfoInterceptor   : 用户id是1798241375637114881
12:10:37:961  INFO 10796 --- [http-nio-8084-exec-1] c.yuyu.limit.aspect.RedisLimiterAspect   : 执行lua结果：false
12:10:37:961 ERROR 10796 --- [http-nio-8084-exec-1] c.y.c.exception.ProjectExceptionAdvice   : 当前系统繁忙，请稍后再试
12:10:37:962  INFO 10796 --- [http-nio-8084-exec-1] c.y.c.interceptors.UserInfoInterceptor   : 用户已清理
13:44:04:653  WARN 10796 --- [Thread-7] c.a.n.common.http.HttpClientBeanHolder   : [HttpClientBeanHolder] Start destroying common HttpClient
13:44:04:653  WARN 10796 --- [Thread-4] c.a.nacos.common.notify.NotifyCenter     : [NotifyCenter] Start destroying Publisher
13:44:04:654  WARN 10796 --- [Thread-4] c.a.nacos.common.notify.NotifyCenter     : [NotifyCenter] Destruction of the end
13:44:04:655  WARN 10796 --- [Thread-7] c.a.n.common.http.HttpClientBeanHolder   : [HttpClientBeanHolder] Destruction of the end
13:44:04:902  INFO 10796 --- [SpringApplicationShutdownHook] c.a.c.n.registry.NacosServiceRegistry    : De-registering from Nacos Server now...
13:44:04:940  INFO 10796 --- [SpringApplicationShutdownHook] c.a.c.n.registry.NacosServiceRegistry    : De-registration finished.
13:44:05:278  INFO 10796 --- [SpringApplicationShutdownHook] com.alibaba.nacos.common.remote.client   : Shutdown rpc client, set status to shutdown
13:44:05:278  INFO 10796 --- [SpringApplicationShutdownHook] com.alibaba.nacos.common.remote.client   : Shutdown client event executor java.util.concurrent.ScheduledThreadPoolExecutor@ee7f841[Running, pool size = 2, active threads = 2, queued tasks = 0, completed tasks = 0]
13:44:05:279  INFO 10796 --- [SpringApplicationShutdownHook] com.alibaba.nacos.common.remote.client   : Close current connection 1718766981154_112.49.6.90_4833
13:44:05:284  INFO 10796 --- [SpringApplicationShutdownHook] c.a.n.c.remote.client.grpc.GrpcClient    : Shutdown grpc executor java.util.concurrent.ThreadPoolExecutor@72f3535a[Running, pool size = 3, active threads = 0, queued tasks = 0, completed tasks = 1792]
13:44:05:526  INFO 10796 --- [SpringApplicationShutdownHook] com.zaxxer.hikari.HikariDataSource       : HikariPool-1 - Shutdown initiated...
13:44:05:959  INFO 10796 --- [SpringApplicationShutdownHook] com.zaxxer.hikari.HikariDataSource       : HikariPool-1 - Shutdown completed.
