11:32:18:198  INFO 20416 --- [main] c.y.transaction.TransactionApplication   : Starting TransactionApplication using Java 11.0.23 on robertdowney with PID 20416 (D:\programing\IdeaProjects\work6\transcation\target\classes started by Rober in D:\programing\IdeaProjects\work6)
11:32:18:201 DEBUG 20416 --- [main] c.y.transaction.TransactionApplication   : Running with Spring Boot v2.7.12, Spring v5.3.27
11:32:18:201  INFO 20416 --- [main] c.y.transaction.TransactionApplication   : The following 1 profile is active: "local"
11:32:18:567  INFO 20416 --- [main] .s.d.r.c.RepositoryConfigurationDelegate : Multiple Spring Data modules found, entering strict repository configuration mode
11:32:18:568  INFO 20416 --- [main] .s.d.r.c.RepositoryConfigurationDelegate : Bootstrapping Spring Data Redis repositories in DEFAULT mode.
11:32:18:585  INFO 20416 --- [main] .s.d.r.c.RepositoryConfigurationDelegate : Finished Spring Data repository scanning in 7 ms. Found 0 Redis repository interfaces.
11:32:18:706  INFO 20416 --- [main] o.s.cloud.context.scope.GenericScope     : BeanFactory id=8a47573d-8fa4-3326-b43a-9034f6df833a
11:32:18:936  INFO 20416 --- [main] o.s.b.w.embedded.tomcat.TomcatWebServer  : Tomcat initialized with port(s): 8081 (http)
11:32:18:941  INFO 20416 --- [main] o.apache.catalina.core.StandardService   : Starting service [Tomcat]
11:32:18:941  INFO 20416 --- [main] org.apache.catalina.core.StandardEngine  : Starting Servlet engine: [Apache Tomcat/9.0.75]
11:32:19:020  INFO 20416 --- [main] o.a.c.c.C.[Tomcat].[localhost].[/]       : Initializing Spring embedded WebApplicationContext
11:32:19:020  INFO 20416 --- [main] w.s.c.ServletWebServerApplicationContext : Root WebApplicationContext: initialization completed in 796 ms
11:32:19:062  WARN 20416 --- [main] ConfigServletWebServerApplicationContext : Exception encountered during context initialization - cancelling refresh attempt: org.springframework.beans.factory.UnsatisfiedDependencyException: Error creating bean with name 'userController' defined in file [D:\programing\IdeaProjects\work6\user\target\classes\com\yuyu\user\controller\UserController.class]: Unsatisfied dependency expressed through constructor parameter 0; nested exception is org.springframework.beans.factory.UnsatisfiedDependencyException: Error creating bean with name 'userServiceImpl' defined in file [D:\programing\IdeaProjects\work6\user\target\classes\com\yuyu\user\service\impl\UserServiceImpl.class]: Unsatisfied dependency expressed through constructor parameter 1; nested exception is org.springframework.beans.factory.UnsatisfiedDependencyException: Error creating bean with name 'jwtTool' defined in file [D:\programing\IdeaProjects\work6\user\target\classes\com\yuyu\user\utils\JwtTool.class]: Unsatisfied dependency expressed through constructor parameter 0; nested exception is org.springframework.beans.factory.BeanCreationException: Error creating bean with name 'keyPair' defined in class path resource [com/yuyu/user/config/SecurityConfig.class]: Bean instantiation via factory method failed; nested exception is org.springframework.beans.BeanInstantiationException: Failed to instantiate [java.security.KeyPair]: Factory method 'keyPair' threw exception; nested exception is java.lang.NullPointerException
11:32:19:063  INFO 20416 --- [main] o.apache.catalina.core.StandardService   : Stopping service [Tomcat]
11:32:19:073  INFO 20416 --- [main] ConditionEvaluationReportLoggingListener : 

Error starting ApplicationContext. To display the conditions report re-run your application with 'debug' enabled.
11:32:19:086 ERROR 20416 --- [main] o.s.boot.SpringApplication               : Application run failed

org.springframework.beans.factory.UnsatisfiedDependencyException: Error creating bean with name 'userController' defined in file [D:\programing\IdeaProjects\work6\user\target\classes\com\yuyu\user\controller\UserController.class]: Unsatisfied dependency expressed through constructor parameter 0; nested exception is org.springframework.beans.factory.UnsatisfiedDependencyException: Error creating bean with name 'userServiceImpl' defined in file [D:\programing\IdeaProjects\work6\user\target\classes\com\yuyu\user\service\impl\UserServiceImpl.class]: Unsatisfied dependency expressed through constructor parameter 1; nested exception is org.springframework.beans.factory.UnsatisfiedDependencyException: Error creating bean with name 'jwtTool' defined in file [D:\programing\IdeaProjects\work6\user\target\classes\com\yuyu\user\utils\JwtTool.class]: Unsatisfied dependency expressed through constructor parameter 0; nested exception is org.springframework.beans.factory.BeanCreationException: Error creating bean with name 'keyPair' defined in class path resource [com/yuyu/user/config/SecurityConfig.class]: Bean instantiation via factory method failed; nested exception is org.springframework.beans.BeanInstantiationException: Failed to instantiate [java.security.KeyPair]: Factory method 'keyPair' threw exception; nested exception is java.lang.NullPointerException
	at org.springframework.beans.factory.support.ConstructorResolver.createArgumentArray(ConstructorResolver.java:800) ~[spring-beans-5.3.27.jar:5.3.27]
	at org.springframework.beans.factory.support.ConstructorResolver.autowireConstructor(ConstructorResolver.java:229) ~[spring-beans-5.3.27.jar:5.3.27]
	at org.springframework.beans.factory.support.AbstractAutowireCapableBeanFactory.autowireConstructor(AbstractAutowireCapableBeanFactory.java:1372) ~[spring-beans-5.3.27.jar:5.3.27]
	at org.springframework.beans.factory.support.AbstractAutowireCapableBeanFactory.createBeanInstance(AbstractAutowireCapableBeanFactory.java:1222) ~[spring-beans-5.3.27.jar:5.3.27]
	at org.springframework.beans.factory.support.AbstractAutowireCapableBeanFactory.doCreateBean(AbstractAutowireCapableBeanFactory.java:582) ~[spring-beans-5.3.27.jar:5.3.27]
	at org.springframework.beans.factory.support.AbstractAutowireCapableBeanFactory.createBean(AbstractAutowireCapableBeanFactory.java:542) ~[spring-beans-5.3.27.jar:5.3.27]
	at org.springframework.beans.factory.support.AbstractBeanFactory.lambda$doGetBean$0(AbstractBeanFactory.java:335) ~[spring-beans-5.3.27.jar:5.3.27]
	at org.springframework.beans.factory.support.DefaultSingletonBeanRegistry.getSingleton(DefaultSingletonBeanRegistry.java:234) ~[spring-beans-5.3.27.jar:5.3.27]
	at org.springframework.beans.factory.support.AbstractBeanFactory.doGetBean(AbstractBeanFactory.java:333) ~[spring-beans-5.3.27.jar:5.3.27]
	at org.springframework.beans.factory.support.AbstractBeanFactory.getBean(AbstractBeanFactory.java:208) ~[spring-beans-5.3.27.jar:5.3.27]
	at org.springframework.beans.factory.support.DefaultListableBeanFactory.preInstantiateSingletons(DefaultListableBeanFactory.java:955) ~[spring-beans-5.3.27.jar:5.3.27]
	at org.springframework.context.support.AbstractApplicationContext.finishBeanFactoryInitialization(AbstractApplicationContext.java:920) ~[spring-context-5.3.27.jar:5.3.27]
	at org.springframework.context.support.AbstractApplicationContext.refresh(AbstractApplicationContext.java:583) ~[spring-context-5.3.27.jar:5.3.27]
	at org.springframework.boot.web.servlet.context.ServletWebServerApplicationContext.refresh(ServletWebServerApplicationContext.java:147) ~[spring-boot-2.7.12.jar:2.7.12]
	at org.springframework.boot.SpringApplication.refresh(SpringApplication.java:731) ~[spring-boot-2.7.12.jar:2.7.12]
	at org.springframework.boot.SpringApplication.refreshContext(SpringApplication.java:408) ~[spring-boot-2.7.12.jar:2.7.12]
	at org.springframework.boot.SpringApplication.run(SpringApplication.java:307) ~[spring-boot-2.7.12.jar:2.7.12]
	at org.springframework.boot.SpringApplication.run(SpringApplication.java:1303) ~[spring-boot-2.7.12.jar:2.7.12]
	at org.springframework.boot.SpringApplication.run(SpringApplication.java:1292) ~[spring-boot-2.7.12.jar:2.7.12]
	at com.yuyu.transaction.TransactionApplication.main(TransactionApplication.java:17) ~[classes/:na]
Caused by: org.springframework.beans.factory.UnsatisfiedDependencyException: Error creating bean with name 'userServiceImpl' defined in file [D:\programing\IdeaProjects\work6\user\target\classes\com\yuyu\user\service\impl\UserServiceImpl.class]: Unsatisfied dependency expressed through constructor parameter 1; nested exception is org.springframework.beans.factory.UnsatisfiedDependencyException: Error creating bean with name 'jwtTool' defined in file [D:\programing\IdeaProjects\work6\user\target\classes\com\yuyu\user\utils\JwtTool.class]: Unsatisfied dependency expressed through constructor parameter 0; nested exception is org.springframework.beans.factory.BeanCreationException: Error creating bean with name 'keyPair' defined in class path resource [com/yuyu/user/config/SecurityConfig.class]: Bean instantiation via factory method failed; nested exception is org.springframework.beans.BeanInstantiationException: Failed to instantiate [java.security.KeyPair]: Factory method 'keyPair' threw exception; nested exception is java.lang.NullPointerException
	at org.springframework.beans.factory.support.ConstructorResolver.createArgumentArray(ConstructorResolver.java:800) ~[spring-beans-5.3.27.jar:5.3.27]
	at org.springframework.beans.factory.support.ConstructorResolver.autowireConstructor(ConstructorResolver.java:229) ~[spring-beans-5.3.27.jar:5.3.27]
	at org.springframework.beans.factory.support.AbstractAutowireCapableBeanFactory.autowireConstructor(AbstractAutowireCapableBeanFactory.java:1372) ~[spring-beans-5.3.27.jar:5.3.27]
	at org.springframework.beans.factory.support.AbstractAutowireCapableBeanFactory.createBeanInstance(AbstractAutowireCapableBeanFactory.java:1222) ~[spring-beans-5.3.27.jar:5.3.27]
	at org.springframework.beans.factory.support.AbstractAutowireCapableBeanFactory.doCreateBean(AbstractAutowireCapableBeanFactory.java:582) ~[spring-beans-5.3.27.jar:5.3.27]
	at org.springframework.beans.factory.support.AbstractAutowireCapableBeanFactory.createBean(AbstractAutowireCapableBeanFactory.java:542) ~[spring-beans-5.3.27.jar:5.3.27]
	at org.springframework.beans.factory.support.AbstractBeanFactory.lambda$doGetBean$0(AbstractBeanFactory.java:335) ~[spring-beans-5.3.27.jar:5.3.27]
	at org.springframework.beans.factory.support.DefaultSingletonBeanRegistry.getSingleton(DefaultSingletonBeanRegistry.java:234) ~[spring-beans-5.3.27.jar:5.3.27]
	at org.springframework.beans.factory.support.AbstractBeanFactory.doGetBean(AbstractBeanFactory.java:333) ~[spring-beans-5.3.27.jar:5.3.27]
	at org.springframework.beans.factory.support.AbstractBeanFactory.getBean(AbstractBeanFactory.java:208) ~[spring-beans-5.3.27.jar:5.3.27]
	at org.springframework.beans.factory.config.DependencyDescriptor.resolveCandidate(DependencyDescriptor.java:276) ~[spring-beans-5.3.27.jar:5.3.27]
	at org.springframework.beans.factory.support.DefaultListableBeanFactory.doResolveDependency(DefaultListableBeanFactory.java:1391) ~[spring-beans-5.3.27.jar:5.3.27]
	at org.springframework.beans.factory.support.DefaultListableBeanFactory.resolveDependency(DefaultListableBeanFactory.java:1311) ~[spring-beans-5.3.27.jar:5.3.27]
	at org.springframework.beans.factory.support.ConstructorResolver.resolveAutowiredArgument(ConstructorResolver.java:887) ~[spring-beans-5.3.27.jar:5.3.27]
	at org.springframework.beans.factory.support.ConstructorResolver.createArgumentArray(ConstructorResolver.java:791) ~[spring-beans-5.3.27.jar:5.3.27]
	... 19 common frames omitted
Caused by: org.springframework.beans.factory.UnsatisfiedDependencyException: Error creating bean with name 'jwtTool' defined in file [D:\programing\IdeaProjects\work6\user\target\classes\com\yuyu\user\utils\JwtTool.class]: Unsatisfied dependency expressed through constructor parameter 0; nested exception is org.springframework.beans.factory.BeanCreationException: Error creating bean with name 'keyPair' defined in class path resource [com/yuyu/user/config/SecurityConfig.class]: Bean instantiation via factory method failed; nested exception is org.springframework.beans.BeanInstantiationException: Failed to instantiate [java.security.KeyPair]: Factory method 'keyPair' threw exception; nested exception is java.lang.NullPointerException
	at org.springframework.beans.factory.support.ConstructorResolver.createArgumentArray(ConstructorResolver.java:800) ~[spring-beans-5.3.27.jar:5.3.27]
	at org.springframework.beans.factory.support.ConstructorResolver.autowireConstructor(ConstructorResolver.java:229) ~[spring-beans-5.3.27.jar:5.3.27]
	at org.springframework.beans.factory.support.AbstractAutowireCapableBeanFactory.autowireConstructor(AbstractAutowireCapableBeanFactory.java:1372) ~[spring-beans-5.3.27.jar:5.3.27]
	at org.springframework.beans.factory.support.AbstractAutowireCapableBeanFactory.createBeanInstance(AbstractAutowireCapableBeanFactory.java:1222) ~[spring-beans-5.3.27.jar:5.3.27]
	at org.springframework.beans.factory.support.AbstractAutowireCapableBeanFactory.doCreateBean(AbstractAutowireCapableBeanFactory.java:582) ~[spring-beans-5.3.27.jar:5.3.27]
	at org.springframework.beans.factory.support.AbstractAutowireCapableBeanFactory.createBean(AbstractAutowireCapableBeanFactory.java:542) ~[spring-beans-5.3.27.jar:5.3.27]
	at org.springframework.beans.factory.support.AbstractBeanFactory.lambda$doGetBean$0(AbstractBeanFactory.java:335) ~[spring-beans-5.3.27.jar:5.3.27]
	at org.springframework.beans.factory.support.DefaultSingletonBeanRegistry.getSingleton(DefaultSingletonBeanRegistry.java:234) ~[spring-beans-5.3.27.jar:5.3.27]
	at org.springframework.beans.factory.support.AbstractBeanFactory.doGetBean(AbstractBeanFactory.java:333) ~[spring-beans-5.3.27.jar:5.3.27]
	at org.springframework.beans.factory.support.AbstractBeanFactory.getBean(AbstractBeanFactory.java:208) ~[spring-beans-5.3.27.jar:5.3.27]
	at org.springframework.beans.factory.config.DependencyDescriptor.resolveCandidate(DependencyDescriptor.java:276) ~[spring-beans-5.3.27.jar:5.3.27]
	at org.springframework.beans.factory.support.DefaultListableBeanFactory.doResolveDependency(DefaultListableBeanFactory.java:1391) ~[spring-beans-5.3.27.jar:5.3.27]
	at org.springframework.beans.factory.support.DefaultListableBeanFactory.resolveDependency(DefaultListableBeanFactory.java:1311) ~[spring-beans-5.3.27.jar:5.3.27]
	at org.springframework.beans.factory.support.ConstructorResolver.resolveAutowiredArgument(ConstructorResolver.java:887) ~[spring-beans-5.3.27.jar:5.3.27]
	at org.springframework.beans.factory.support.ConstructorResolver.createArgumentArray(ConstructorResolver.java:791) ~[spring-beans-5.3.27.jar:5.3.27]
	... 33 common frames omitted
Caused by: org.springframework.beans.factory.BeanCreationException: Error creating bean with name 'keyPair' defined in class path resource [com/yuyu/user/config/SecurityConfig.class]: Bean instantiation via factory method failed; nested exception is org.springframework.beans.BeanInstantiationException: Failed to instantiate [java.security.KeyPair]: Factory method 'keyPair' threw exception; nested exception is java.lang.NullPointerException
	at org.springframework.beans.factory.support.ConstructorResolver.instantiate(ConstructorResolver.java:658) ~[spring-beans-5.3.27.jar:5.3.27]
	at org.springframework.beans.factory.support.ConstructorResolver.instantiateUsingFactoryMethod(ConstructorResolver.java:638) ~[spring-beans-5.3.27.jar:5.3.27]
	at org.springframework.beans.factory.support.AbstractAutowireCapableBeanFactory.instantiateUsingFactoryMethod(AbstractAutowireCapableBeanFactory.java:1352) ~[spring-beans-5.3.27.jar:5.3.27]
	at org.springframework.beans.factory.support.AbstractAutowireCapableBeanFactory.createBeanInstance(AbstractAutowireCapableBeanFactory.java:1195) ~[spring-beans-5.3.27.jar:5.3.27]
	at org.springframework.beans.factory.support.AbstractAutowireCapableBeanFactory.doCreateBean(AbstractAutowireCapableBeanFactory.java:582) ~[spring-beans-5.3.27.jar:5.3.27]
	at org.springframework.beans.factory.support.AbstractAutowireCapableBeanFactory.createBean(AbstractAutowireCapableBeanFactory.java:542) ~[spring-beans-5.3.27.jar:5.3.27]
	at org.springframework.beans.factory.support.AbstractBeanFactory.lambda$doGetBean$0(AbstractBeanFactory.java:335) ~[spring-beans-5.3.27.jar:5.3.27]
	at org.springframework.beans.factory.support.DefaultSingletonBeanRegistry.getSingleton(DefaultSingletonBeanRegistry.java:234) ~[spring-beans-5.3.27.jar:5.3.27]
	at org.springframework.beans.factory.support.AbstractBeanFactory.doGetBean(AbstractBeanFactory.java:333) ~[spring-beans-5.3.27.jar:5.3.27]
	at org.springframework.beans.factory.support.AbstractBeanFactory.getBean(AbstractBeanFactory.java:208) ~[spring-beans-5.3.27.jar:5.3.27]
	at org.springframework.beans.factory.config.DependencyDescriptor.resolveCandidate(DependencyDescriptor.java:276) ~[spring-beans-5.3.27.jar:5.3.27]
	at org.springframework.beans.factory.support.DefaultListableBeanFactory.doResolveDependency(DefaultListableBeanFactory.java:1391) ~[spring-beans-5.3.27.jar:5.3.27]
	at org.springframework.beans.factory.support.DefaultListableBeanFactory.resolveDependency(DefaultListableBeanFactory.java:1311) ~[spring-beans-5.3.27.jar:5.3.27]
	at org.springframework.beans.factory.support.ConstructorResolver.resolveAutowiredArgument(ConstructorResolver.java:887) ~[spring-beans-5.3.27.jar:5.3.27]
	at org.springframework.beans.factory.support.ConstructorResolver.createArgumentArray(ConstructorResolver.java:791) ~[spring-beans-5.3.27.jar:5.3.27]
	... 47 common frames omitted
Caused by: org.springframework.beans.BeanInstantiationException: Failed to instantiate [java.security.KeyPair]: Factory method 'keyPair' threw exception; nested exception is java.lang.NullPointerException
	at org.springframework.beans.factory.support.SimpleInstantiationStrategy.instantiate(SimpleInstantiationStrategy.java:185) ~[spring-beans-5.3.27.jar:5.3.27]
	at org.springframework.beans.factory.support.ConstructorResolver.instantiate(ConstructorResolver.java:653) ~[spring-beans-5.3.27.jar:5.3.27]
	... 61 common frames omitted
Caused by: java.lang.NullPointerException: null
	at com.yuyu.user.config.SecurityConfig.keyPair(SecurityConfig.java:28) ~[classes/:na]
	at com.yuyu.user.config.SecurityConfig$$EnhancerBySpringCGLIB$$9663c9a5.CGLIB$keyPair$0(<generated>) ~[classes/:na]
	at com.yuyu.user.config.SecurityConfig$$EnhancerBySpringCGLIB$$9663c9a5$$FastClassBySpringCGLIB$$9387ade9.invoke(<generated>) ~[classes/:na]
	at org.springframework.cglib.proxy.MethodProxy.invokeSuper(MethodProxy.java:244) ~[spring-core-5.3.27.jar:5.3.27]
	at org.springframework.context.annotation.ConfigurationClassEnhancer$BeanMethodInterceptor.intercept(ConfigurationClassEnhancer.java:331) ~[spring-context-5.3.27.jar:5.3.27]
	at com.yuyu.user.config.SecurityConfig$$EnhancerBySpringCGLIB$$9663c9a5.keyPair(<generated>) ~[classes/:na]
	at java.base/jdk.internal.reflect.NativeMethodAccessorImpl.invoke0(Native Method) ~[na:na]
	at java.base/jdk.internal.reflect.NativeMethodAccessorImpl.invoke(NativeMethodAccessorImpl.java:62) ~[na:na]
	at java.base/jdk.internal.reflect.DelegatingMethodAccessorImpl.invoke(DelegatingMethodAccessorImpl.java:43) ~[na:na]
	at java.base/java.lang.reflect.Method.invoke(Method.java:566) ~[na:na]
	at org.springframework.beans.factory.support.SimpleInstantiationStrategy.instantiate(SimpleInstantiationStrategy.java:154) ~[spring-beans-5.3.27.jar:5.3.27]
	... 62 common frames omitted

11:33:26:117  INFO 4384 --- [main] c.y.transaction.TransactionApplication   : Starting TransactionApplication using Java 11.0.23 on robertdowney with PID 4384 (D:\programing\IdeaProjects\work6\transcation\target\classes started by Rober in D:\programing\IdeaProjects\work6)
11:33:26:118 DEBUG 4384 --- [main] c.y.transaction.TransactionApplication   : Running with Spring Boot v2.7.12, Spring v5.3.27
11:33:26:118  INFO 4384 --- [main] c.y.transaction.TransactionApplication   : The following 1 profile is active: "local"
11:33:26:487  INFO 4384 --- [main] .s.d.r.c.RepositoryConfigurationDelegate : Multiple Spring Data modules found, entering strict repository configuration mode
11:33:26:488  INFO 4384 --- [main] .s.d.r.c.RepositoryConfigurationDelegate : Bootstrapping Spring Data Redis repositories in DEFAULT mode.
11:33:26:500  INFO 4384 --- [main] .s.d.r.c.RepositoryConfigurationDelegate : Finished Spring Data repository scanning in 3 ms. Found 0 Redis repository interfaces.
11:33:26:610  INFO 4384 --- [main] o.s.cloud.context.scope.GenericScope     : BeanFactory id=7f72a3d0-cfed-3654-a5a1-18e4ddc0476b
11:33:26:867  INFO 4384 --- [main] o.s.b.w.embedded.tomcat.TomcatWebServer  : Tomcat initialized with port(s): 8081 (http)
11:33:26:873  INFO 4384 --- [main] o.apache.catalina.core.StandardService   : Starting service [Tomcat]
11:33:26:873  INFO 4384 --- [main] org.apache.catalina.core.StandardEngine  : Starting Servlet engine: [Apache Tomcat/9.0.75]
11:33:26:949  INFO 4384 --- [main] o.a.c.c.C.[Tomcat].[localhost].[/]       : Initializing Spring embedded WebApplicationContext
11:33:26:949  INFO 4384 --- [main] w.s.c.ServletWebServerApplicationContext : Root WebApplicationContext: initialization completed in 806 ms
11:33:28:609  INFO 4384 --- [main] com.alibaba.nacos.common.remote.client   : [RpcClientFactory] create a new rpc client of 4de4e4fe-b07a-4d13-b734-e235797152b5
11:33:28:633  INFO 4384 --- [main] org.reflections.Reflections              : Reflections took 13 ms to scan 1 urls, producing 3 keys and 6 values 
11:33:28:646  INFO 4384 --- [main] org.reflections.Reflections              : Reflections took 6 ms to scan 1 urls, producing 4 keys and 9 values 
11:33:28:651  INFO 4384 --- [main] org.reflections.Reflections              : Reflections took 4 ms to scan 1 urls, producing 3 keys and 10 values 
11:33:28:652  WARN 4384 --- [main] org.reflections.Reflections              : given scan urls are empty. set urls in the configuration
11:33:28:656  INFO 4384 --- [main] org.reflections.Reflections              : Reflections took 4 ms to scan 1 urls, producing 1 keys and 5 values 
11:33:28:661  INFO 4384 --- [main] org.reflections.Reflections              : Reflections took 4 ms to scan 1 urls, producing 1 keys and 7 values 
11:33:28:666  INFO 4384 --- [main] org.reflections.Reflections              : Reflections took 3 ms to scan 1 urls, producing 2 keys and 8 values 
11:33:28:667  WARN 4384 --- [main] org.reflections.Reflections              : given scan urls are empty. set urls in the configuration
11:33:28:669  INFO 4384 --- [main] com.alibaba.nacos.common.remote.client   : [4de4e4fe-b07a-4d13-b734-e235797152b5] RpcClient init label, labels = {module=naming, source=sdk}
11:33:28:670  INFO 4384 --- [main] com.alibaba.nacos.common.remote.client   : [4de4e4fe-b07a-4d13-b734-e235797152b5] RpcClient init, ServerListFactory = com.alibaba.nacos.client.naming.core.ServerListManager
11:33:28:670  INFO 4384 --- [main] com.alibaba.nacos.common.remote.client   : [4de4e4fe-b07a-4d13-b734-e235797152b5] Registry connection listener to current client:com.alibaba.nacos.client.naming.remote.gprc.redo.NamingGrpcRedoService
11:33:28:671  INFO 4384 --- [main] com.alibaba.nacos.common.remote.client   : [4de4e4fe-b07a-4d13-b734-e235797152b5] Register server push request handler:com.alibaba.nacos.client.naming.remote.gprc.NamingPushRequestHandler
11:33:28:672  INFO 4384 --- [main] com.alibaba.nacos.common.remote.client   : [4de4e4fe-b07a-4d13-b734-e235797152b5] Try to connect to server on start up, server: {serverIp = '47.113.188.125', server main port = 8848}
11:33:29:696  INFO 4384 --- [main] com.alibaba.nacos.common.remote.client   : [4de4e4fe-b07a-4d13-b734-e235797152b5] Success to connect to server [47.113.188.125:8848] on start up, connectionId = 1718768009789_112.49.6.90_4279
11:33:29:697  INFO 4384 --- [com.alibaba.nacos.client.remote.worker] com.alibaba.nacos.common.remote.client   : [4de4e4fe-b07a-4d13-b734-e235797152b5] Notify connected event to listeners.
11:33:29:699  INFO 4384 --- [main] com.alibaba.nacos.common.remote.client   : [4de4e4fe-b07a-4d13-b734-e235797152b5] Register server push request handler:com.alibaba.nacos.common.remote.client.RpcClient$ConnectResetRequestHandler
11:33:29:700  INFO 4384 --- [main] com.alibaba.nacos.common.remote.client   : [4de4e4fe-b07a-4d13-b734-e235797152b5] Register server push request handler:com.alibaba.nacos.common.remote.client.RpcClient$$Lambda$1055/0x000000080076c040
11:33:29:828  INFO 4384 --- [main] o.s.b.w.embedded.tomcat.TomcatWebServer  : Tomcat started on port(s): 8081 (http) with context path ''
11:33:29:869  INFO 4384 --- [main] c.a.c.n.registry.NacosServiceRegistry    : nacos registry, DEFAULT_GROUP work6-transaction 10.134.49.119:8081 register finished
11:33:30:074  INFO 4384 --- [main] c.y.transaction.TransactionApplication   : Started TransactionApplication in 4.417 seconds (JVM running for 4.934)
11:33:30:358  INFO 4384 --- [nacos-grpc-client-executor-9] com.alibaba.nacos.common.remote.client   : [4de4e4fe-b07a-4d13-b734-e235797152b5] Receive server push request, request = NotifySubscriberRequest, requestId = 122
11:33:30:360  INFO 4384 --- [nacos-grpc-client-executor-9] com.alibaba.nacos.common.remote.client   : [4de4e4fe-b07a-4d13-b734-e235797152b5] Ack server push request, request = NotifySubscriberRequest, requestId = 122
11:33:37:341  INFO 4384 --- [http-nio-8081-exec-1] o.a.c.c.C.[Tomcat].[localhost].[/]       : Initializing Spring DispatcherServlet 'dispatcherServlet'
11:33:37:341  INFO 4384 --- [http-nio-8081-exec-1] o.s.web.servlet.DispatcherServlet        : Initializing Servlet 'dispatcherServlet'
11:33:37:342  INFO 4384 --- [http-nio-8081-exec-1] o.s.web.servlet.DispatcherServlet        : Completed initialization in 1 ms
11:33:37:362  INFO 4384 --- [http-nio-8081-exec-1] c.y.c.interceptors.UserInfoInterceptor   : 用户id是1798241375637114881
11:33:37:398  INFO 4384 --- [http-nio-8081-exec-1] com.zaxxer.hikari.HikariDataSource       : HikariPool-1 - Starting...
11:33:38:965  INFO 4384 --- [http-nio-8081-exec-1] com.zaxxer.hikari.HikariDataSource       : HikariPool-1 - Start completed.
11:33:38:971 DEBUG 4384 --- [http-nio-8081-exec-1] c.y.t.mapper.TransactionMapper.insert    : ==>  Preparing: INSERT INTO transaction ( uid, content, create_at ) VALUES ( ?, ?, ? )
11:33:38:987 DEBUG 4384 --- [http-nio-8081-exec-1] c.y.t.mapper.TransactionMapper.insert    : ==> Parameters: 1798241375637114881(Long), 12(String), 2024-06-19T11:33:37.379409500(LocalDateTime)
11:33:39:142 DEBUG 4384 --- [http-nio-8081-exec-1] c.y.t.mapper.TransactionMapper.insert    : <==    Updates: 1
11:33:39:186  INFO 4384 --- [http-nio-8081-exec-1] c.y.c.interceptors.UserInfoInterceptor   : 用户已清理
11:38:46:241  INFO 4384 --- [http-nio-8081-exec-6] c.y.c.interceptors.UserInfoInterceptor   : 用户id是1798241375637114881
11:38:46:279 DEBUG 4384 --- [http-nio-8081-exec-6] c.y.t.m.TransactionMapper.deleteByUid    : ==>  Preparing: update transaction set deleted = 0 where uid = 1798241375637114881 and type = 1
11:38:46:279 DEBUG 4384 --- [http-nio-8081-exec-6] c.y.t.m.TransactionMapper.deleteByUid    : ==> Parameters: 
11:38:46:359 DEBUG 4384 --- [http-nio-8081-exec-6] c.y.t.m.TransactionMapper.deleteByUid    : <==    Updates: 5
11:38:46:361  INFO 4384 --- [http-nio-8081-exec-6] c.y.c.interceptors.UserInfoInterceptor   : 用户已清理
11:45:30:805  INFO 4384 --- [http-nio-8081-exec-4] c.y.c.interceptors.UserInfoInterceptor   : 用户id是1798241375637114881
11:45:30:843 DEBUG 4384 --- [http-nio-8081-exec-4] c.y.t.m.T.updateTypeByTid                : ==>  Preparing: update transaction set type = 0 where tid = 4
11:45:30:843 DEBUG 4384 --- [http-nio-8081-exec-4] c.y.t.m.T.updateTypeByTid                : ==> Parameters: 
11:45:30:915 DEBUG 4384 --- [http-nio-8081-exec-4] c.y.t.m.T.updateTypeByTid                : <==    Updates: 1
11:45:30:915  INFO 4384 --- [http-nio-8081-exec-4] c.y.t.s.impl.TransactionServiceImpl      : 已将代办转化成完成
11:45:30:916  INFO 4384 --- [http-nio-8081-exec-4] c.y.c.interceptors.UserInfoInterceptor   : 用户已清理
11:48:42:692  INFO 4384 --- [http-nio-8081-exec-7] c.y.c.interceptors.UserInfoInterceptor   : 用户id是1798241375637114881
11:48:42:732 DEBUG 4384 --- [http-nio-8081-exec-7] c.y.t.m.T.listAllByIdWithKey             : ==>  Preparing: select tid,uid,content,type,create_at,update_at,delete_at from transaction where uid = 1798241375637114881 and content like '%我%' limit 0,5
11:48:42:732 DEBUG 4384 --- [http-nio-8081-exec-7] c.y.t.m.T.listAllByIdWithKey             : ==> Parameters: 
11:48:42:789 DEBUG 4384 --- [http-nio-8081-exec-7] c.y.t.m.T.listAllByIdWithKey             : <==      Total: 4
11:48:42:795  INFO 4384 --- [http-nio-8081-exec-7] c.y.c.interceptors.UserInfoInterceptor   : 用户已清理
13:44:04:627  WARN 4384 --- [Thread-4] c.a.nacos.common.notify.NotifyCenter     : [NotifyCenter] Start destroying Publisher
13:44:04:627  WARN 4384 --- [Thread-7] c.a.n.common.http.HttpClientBeanHolder   : [HttpClientBeanHolder] Start destroying common HttpClient
13:44:04:630  WARN 4384 --- [Thread-4] c.a.nacos.common.notify.NotifyCenter     : [NotifyCenter] Destruction of the end
13:44:04:633  WARN 4384 --- [Thread-7] c.a.n.common.http.HttpClientBeanHolder   : [HttpClientBeanHolder] Destruction of the end
13:44:04:876  INFO 4384 --- [SpringApplicationShutdownHook] c.a.c.n.registry.NacosServiceRegistry    : De-registering from Nacos Server now...
13:44:04:911  INFO 4384 --- [SpringApplicationShutdownHook] c.a.c.n.registry.NacosServiceRegistry    : De-registration finished.
13:44:05:246  INFO 4384 --- [SpringApplicationShutdownHook] com.alibaba.nacos.common.remote.client   : Shutdown rpc client, set status to shutdown
13:44:05:246  INFO 4384 --- [SpringApplicationShutdownHook] com.alibaba.nacos.common.remote.client   : Shutdown client event executor java.util.concurrent.ScheduledThreadPoolExecutor@17da2065[Running, pool size = 2, active threads = 2, queued tasks = 0, completed tasks = 0]
13:44:05:246  INFO 4384 --- [SpringApplicationShutdownHook] com.alibaba.nacos.common.remote.client   : Close current connection 1718768009789_112.49.6.90_4279
13:44:05:252  INFO 4384 --- [SpringApplicationShutdownHook] c.a.n.c.remote.client.grpc.GrpcClient    : Shutdown grpc executor java.util.concurrent.ThreadPoolExecutor@32b925b6[Running, pool size = 5, active threads = 0, queued tasks = 0, completed tasks = 1577]
13:44:05:273  INFO 4384 --- [SpringApplicationShutdownHook] com.zaxxer.hikari.HikariDataSource       : HikariPool-1 - Shutdown initiated...
13:44:15:284  INFO 4384 --- [SpringApplicationShutdownHook] com.zaxxer.hikari.HikariDataSource       : HikariPool-1 - Shutdown completed.
